  Calculator.c
C:\Users\jh01l\Desktop\KPU\2학년\자료구조\과제\Postfix_Calculator\Postfix_Calculator\Postfix_Calculator\Calculator.c(53,15): warning C4047: 'function': 'Stack *' differs in levels of indirection from 'Stack **'
C:\Users\jh01l\Desktop\KPU\2학년\자료구조\과제\Postfix_Calculator\Postfix_Calculator\Postfix_Calculator\Calculator.c(53,15): warning C4024: 'StackInit': different types for formal and actual parameter 1
C:\Users\jh01l\Desktop\KPU\2학년\자료구조\과제\Postfix_Calculator\Postfix_Calculator\Postfix_Calculator\Calculator.c(58,27): warning C4047: 'function': 'Stack *' differs in levels of indirection from 'Stack **'
C:\Users\jh01l\Desktop\KPU\2학년\자료구조\과제\Postfix_Calculator\Postfix_Calculator\Postfix_Calculator\Calculator.c(58,27): warning C4024: 'Stack_empty': different types for formal and actual parameter 1
C:\Users\jh01l\Desktop\KPU\2학년\자료구조\과제\Postfix_Calculator\Postfix_Calculator\Postfix_Calculator\Calculator.c(58,72): warning C4047: 'function': 'Stack *' differs in levels of indirection from 'Stack **'
C:\Users\jh01l\Desktop\KPU\2학년\자료구조\과제\Postfix_Calculator\Postfix_Calculator\Postfix_Calculator\Calculator.c(58,72): warning C4024: 'peek': different types for formal and actual parameter 1
C:\Users\jh01l\Desktop\KPU\2학년\자료구조\과제\Postfix_Calculator\Postfix_Calculator\Postfix_Calculator\Calculator.c(60,32): warning C4047: 'function': 'Stack *' differs in levels of indirection from 'Stack **'
C:\Users\jh01l\Desktop\KPU\2학년\자료구조\과제\Postfix_Calculator\Postfix_Calculator\Postfix_Calculator\Calculator.c(60,32): warning C4024: 'StackPop': different types for formal and actual parameter 1
C:\Users\jh01l\Desktop\KPU\2학년\자료구조\과제\Postfix_Calculator\Postfix_Calculator\Postfix_Calculator\Calculator.c(63,17): warning C4047: 'function': 'Stack *' differs in levels of indirection from 'Stack **'
C:\Users\jh01l\Desktop\KPU\2학년\자료구조\과제\Postfix_Calculator\Postfix_Calculator\Postfix_Calculator\Calculator.c(63,17): warning C4024: 'StackPush': different types for formal and actual parameter 1
C:\Users\jh01l\Desktop\KPU\2학년\자료구조\과제\Postfix_Calculator\Postfix_Calculator\Postfix_Calculator\Calculator.c(69,17): warning C4047: 'function': 'Stack *' differs in levels of indirection from 'Stack **'
C:\Users\jh01l\Desktop\KPU\2학년\자료구조\과제\Postfix_Calculator\Postfix_Calculator\Postfix_Calculator\Calculator.c(69,17): warning C4024: 'StackPush': different types for formal and actual parameter 1
C:\Users\jh01l\Desktop\KPU\2학년\자료구조\과제\Postfix_Calculator\Postfix_Calculator\Postfix_Calculator\Calculator.c(75,22): warning C4047: 'function': 'Stack *' differs in levels of indirection from 'Stack **'
C:\Users\jh01l\Desktop\KPU\2학년\자료구조\과제\Postfix_Calculator\Postfix_Calculator\Postfix_Calculator\Calculator.c(75,22): warning C4024: 'StackPop': different types for formal and actual parameter 1
C:\Users\jh01l\Desktop\KPU\2학년\자료구조\과제\Postfix_Calculator\Postfix_Calculator\Postfix_Calculator\Calculator.c(81,23): warning C4047: 'function': 'Stack *' differs in levels of indirection from 'Stack **'
C:\Users\jh01l\Desktop\KPU\2학년\자료구조\과제\Postfix_Calculator\Postfix_Calculator\Postfix_Calculator\Calculator.c(81,23): warning C4024: 'StackPop': different types for formal and actual parameter 1
C:\Users\jh01l\Desktop\KPU\2학년\자료구조\과제\Postfix_Calculator\Postfix_Calculator\Postfix_Calculator\Calculator.c(95,30): warning C4047: 'function': 'Stack *' differs in levels of indirection from 'Stack **'
C:\Users\jh01l\Desktop\KPU\2학년\자료구조\과제\Postfix_Calculator\Postfix_Calculator\Postfix_Calculator\Calculator.c(95,30): warning C4024: 'StackPop': different types for formal and actual parameter 1
C:\Users\jh01l\Desktop\KPU\2학년\자료구조\과제\Postfix_Calculator\Postfix_Calculator\Postfix_Calculator\Calculator.c(118,18): warning C4047: 'function': 'Stack *' differs in levels of indirection from 'Stack **'
C:\Users\jh01l\Desktop\KPU\2학년\자료구조\과제\Postfix_Calculator\Postfix_Calculator\Postfix_Calculator\Calculator.c(118,18): warning C4024: 'StackInit': different types for formal and actual parameter 1
C:\Users\jh01l\Desktop\KPU\2학년\자료구조\과제\Postfix_Calculator\Postfix_Calculator\Postfix_Calculator\Calculator.c(123,20): warning C4018: '<': signed/unsigned mismatch
C:\Users\jh01l\Desktop\KPU\2학년\자료구조\과제\Postfix_Calculator\Postfix_Calculator\Postfix_Calculator\Calculator.c(132,42): warning C4047: 'function': 'Stack *' differs in levels of indirection from 'Stack **'
C:\Users\jh01l\Desktop\KPU\2학년\자료구조\과제\Postfix_Calculator\Postfix_Calculator\Postfix_Calculator\Calculator.c(132,42): warning C4024: 'StackPop': different types for formal and actual parameter 1
C:\Users\jh01l\Desktop\KPU\2학년\자료구조\과제\Postfix_Calculator\Postfix_Calculator\Postfix_Calculator\Calculator.c(132,43): warning C4047: 'function': 'Tree *' differs in levels of indirection from 'Data'
C:\Users\jh01l\Desktop\KPU\2학년\자료구조\과제\Postfix_Calculator\Postfix_Calculator\Postfix_Calculator\Calculator.c(132,43): warning C4024: 'MakeRightTree': different types for formal and actual parameter 2
C:\Users\jh01l\Desktop\KPU\2학년\자료구조\과제\Postfix_Calculator\Postfix_Calculator\Postfix_Calculator\Calculator.c(133,41): warning C4047: 'function': 'Stack *' differs in levels of indirection from 'Stack **'
C:\Users\jh01l\Desktop\KPU\2학년\자료구조\과제\Postfix_Calculator\Postfix_Calculator\Postfix_Calculator\Calculator.c(133,41): warning C4024: 'StackPop': different types for formal and actual parameter 1
C:\Users\jh01l\Desktop\KPU\2학년\자료구조\과제\Postfix_Calculator\Postfix_Calculator\Postfix_Calculator\Calculator.c(133,42): warning C4047: 'function': 'Tree *' differs in levels of indirection from 'Data'
C:\Users\jh01l\Desktop\KPU\2학년\자료구조\과제\Postfix_Calculator\Postfix_Calculator\Postfix_Calculator\Calculator.c(133,42): warning C4024: 'MakeLeftTree': different types for formal and actual parameter 2
C:\Users\jh01l\Desktop\KPU\2학년\자료구조\과제\Postfix_Calculator\Postfix_Calculator\Postfix_Calculator\Calculator.c(136,19): warning C4047: 'function': 'Stack *' differs in levels of indirection from 'Stack **'
C:\Users\jh01l\Desktop\KPU\2학년\자료구조\과제\Postfix_Calculator\Postfix_Calculator\Postfix_Calculator\Calculator.c(136,19): warning C4024: 'StackPush': different types for formal and actual parameter 1
C:\Users\jh01l\Desktop\KPU\2학년\자료구조\과제\Postfix_Calculator\Postfix_Calculator\Postfix_Calculator\Calculator.c(136,28): warning C4047: 'function': 'Data' differs in levels of indirection from 'Tree *'
C:\Users\jh01l\Desktop\KPU\2학년\자료구조\과제\Postfix_Calculator\Postfix_Calculator\Postfix_Calculator\Calculator.c(136,28): warning C4024: 'StackPush': different types for formal and actual parameter 2
C:\Users\jh01l\Desktop\KPU\2학년\자료구조\과제\Postfix_Calculator\Postfix_Calculator\Postfix_Calculator\Calculator.c(138,24): warning C4047: 'function': 'Stack *' differs in levels of indirection from 'Stack **'
C:\Users\jh01l\Desktop\KPU\2학년\자료구조\과제\Postfix_Calculator\Postfix_Calculator\Postfix_Calculator\Calculator.c(138,24): warning C4024: 'StackPop': different types for formal and actual parameter 1
C:\Users\jh01l\Desktop\KPU\2학년\자료구조\과제\Postfix_Calculator\Postfix_Calculator\Postfix_Calculator\Calculator.c(138,25): warning C4047: 'return': 'Tree *' differs in levels of indirection from 'Data'
C:\Users\jh01l\Desktop\KPU\2학년\자료구조\과제\Postfix_Calculator\Postfix_Calculator\Postfix_Calculator\Calculator.c(116,18): warning C4101: 'value': unreferenced local variable
C:\Users\jh01l\Desktop\KPU\2학년\자료구조\과제\Postfix_Calculator\Postfix_Calculator\Postfix_Calculator\Calculator.c(116,12): warning C4101: 'opr2': unreferenced local variable
C:\Users\jh01l\Desktop\KPU\2학년\자료구조\과제\Postfix_Calculator\Postfix_Calculator\Postfix_Calculator\Calculator.c(116,6): warning C4101: 'opr1': unreferenced local variable
C:\Users\jh01l\Desktop\KPU\2학년\자료구조\과제\Postfix_Calculator\Postfix_Calculator\Postfix_Calculator\Calculator.c(99): warning C4172: returning address of local variable or temporary: result
  Postfix_Calculator.vcxproj -> C:\Users\jh01l\Desktop\KPU\2학년\자료구조\과제\Postfix_Calculator\Postfix_Calculator\Debug\Postfix_Calculator.exe
